<?xml version="1.0" encoding="UTF-8"?>
<testng-results ignored="0" total="1" passed="1" failed="0" skipped="0">
  <reporter-output>
  </reporter-output>
  <suite started-at="2022-08-24T23:15:51 IST" name="Default suite" finished-at="2022-08-24T23:15:52 IST" duration-ms="1620">
    <groups>
    </groups>
    <test started-at="2022-08-24T23:15:51 IST" name="Default test" finished-at="2022-08-24T23:15:52 IST" duration-ms="1620">
      <class name="com.qa.fb.keyword.tests.LoginTest">
        <test-method is-config="true" signature="setUp()[pri:0, instance:com.qa.fb.keyword.tests.LoginTest@b4711e2]" started-at="2022-08-24T23:15:51 IST" name="setUp" finished-at="2022-08-24T23:15:51 IST" duration-ms="23" status="PASS">
          <reporter-output>
          </reporter-output>
        </test-method> <!-- setUp -->
        <test-method signature="loginTest()[pri:0, instance:com.qa.fb.keyword.tests.LoginTest@b4711e2]" started-at="2022-08-24T23:15:51 IST" name="loginTest" finished-at="2022-08-24T23:15:52 IST" duration-ms="1405" status="PASS">
          <reporter-output>
          </reporter-output>
        </test-method> <!-- loginTest -->
      </class> <!-- com.qa.fb.keyword.tests.LoginTest -->
    </test> <!-- Default test -->
  </suite> <!-- Default suite -->
</testng-results>
